2021/04/30 12:30:45 - [INFO] MQTT Client: Tentativo di connessione a iothings.netcomgroup.eu:1883
2021/04/30 12:30:45 - [INFO] MQTT Client: Sending CONNECT (u1, p0, wr0, wq0, wf0, c1, k60) client_id=b''
2021/04/30 12:30:45 - [INFO] MQTT Client: Received CONNACK (1, 0)
2021/04/30 12:30:45 - [INFO] MQTT Client: Connesso a iothings.netcomgroup.eu:1883
2021/04/30 12:30:45 - [INFO] MQTT Client: Sending SUBSCRIBE (d0, m1) [(b'v1/devices/me/attributes/response/+', 1)]
2021/04/30 12:30:45 - [INFO] Data: {"wind_direction_average": 27.0, "wind_gust": 8.0, "wind_speed_mean": 7.0, "rainfall": 5.0, "ground_temp": 20.0, "humidity": 50.0, "pressure": 1013.0, "ambient_temperature": 22.0}
2021/04/30 12:30:45 - [INFO] MQTT Client: Received SUBACK
2021/04/30 12:30:45 - [INFO] MQTT Client: Mid: 1. QoS garantiti: (1,)
2021/04/30 12:40:21 - [INFO] MQTT Client: Tentativo di connessione a iothings.netcomgroup.eu:1883
2021/04/30 12:40:21 - [INFO] MQTT Client: Sending CONNECT (u1, p0, wr0, wq0, wf0, c1, k60) client_id=b''
2021/04/30 12:40:21 - [INFO] MQTT Client: Received CONNACK (1, 0)
2021/04/30 12:40:21 - [INFO] MQTT Client: Connesso a iothings.netcomgroup.eu:1883
2021/04/30 12:40:21 - [INFO] MQTT Client: Sending SUBSCRIBE (d0, m1) [(b'v1/devices/me/attributes/response/+', 1)]
2021/04/30 12:40:21 - [INFO] Data: {"wind_direction_average": 6.0, "wind_gust": 9.0, "wind_speed_mean": 10.0, "rainfall": 3.0, "ground_temp": 25.0, "humidity": 50.0, "pressure": 1011.0, "ambient_temperature": 24.0}
2021/04/30 12:40:21 - [INFO] MQTT Client: Received SUBACK
2021/04/30 12:40:21 - [INFO] MQTT Client: Mid: 1. QoS garantiti: (1,)
2021/04/30 12:40:24 - [INFO] Data: {"wind_direction_average": 14.0, "wind_gust": 9.0, "wind_speed_mean": 5.0, "rainfall": 1.0, "ground_temp": 22.0, "humidity": 49.0, "pressure": 1012.0, "ambient_temperature": 20.0}
2021/04/30 12:40:27 - [INFO] Data: {"wind_direction_average": 30.0, "wind_gust": 8.0, "wind_speed_mean": 8.0, "rainfall": 3.0, "ground_temp": 22.0, "humidity": 52.0, "pressure": 1014.0, "ambient_temperature": 20.0}
2021/04/30 12:40:30 - [INFO] Data: {"wind_direction_average": 14.0, "wind_gust": 9.0, "wind_speed_mean": 9.0, "rainfall": 5.0, "ground_temp": 22.0, "humidity": 49.0, "pressure": 1015.0, "ambient_temperature": 23.0}
2021/04/30 12:40:33 - [INFO] Data: {"wind_direction_average": 29.0, "wind_gust": 9.0, "wind_speed_mean": 8.0, "rainfall": 1.0, "ground_temp": 20.0, "humidity": 50.0, "pressure": 1011.0, "ambient_temperature": 24.0}
2021/04/30 12:40:36 - [INFO] Data: {"wind_direction_average": 2.0, "wind_gust": 7.0, "wind_speed_mean": 0.0, "rainfall": 1.0, "ground_temp": 20.0, "humidity": 51.0, "pressure": 1014.0, "ambient_temperature": 21.0}
2021/04/30 15:27:42 - [INFO] MQTT Client: Tentativo di connessione a iothings.netcomgroup.eu:1883
2021/04/30 15:27:43 - [INFO] MQTT Client: Sending CONNECT (u1, p0, wr0, wq0, wf0, c1, k60) client_id=b''
2021/04/30 15:27:43 - [INFO] MQTT Client: Received CONNACK (1, 0)
2021/04/30 15:27:43 - [INFO] MQTT Client: Connesso a iothings.netcomgroup.eu:1883
2021/04/30 15:27:43 - [INFO] MQTT Client: Sending SUBSCRIBE (d0, m1) [(b'v1/devices/me/attributes/response/+', 1)]
2021/04/30 15:27:43 - [INFO] Data: {"wind_direction_average": 15.0, "wind_gust": 8.0, "wind_speed_mean": 3.0, "rainfall": 1.0, "ground_temp": 20.0, "humidity": 51.0, "pressure": 1014.0, "ambient_temperature": 23.0}
2021/04/30 15:27:43 - [INFO] MQTT Client: Received SUBACK
2021/04/30 15:27:43 - [INFO] MQTT Client: Mid: 1. QoS garantiti: (1,)
2021/04/30 15:27:46 - [INFO] Data: {"wind_direction_average": 2.0, "wind_gust": 9.0, "wind_speed_mean": 1.0, "rainfall": 3.0, "ground_temp": 25.0, "humidity": 52.0, "pressure": 1011.0, "ambient_temperature": 24.0}
2021/04/30 15:27:49 - [INFO] Data: {"wind_direction_average": 0.0, "wind_gust": 7.0, "wind_speed_mean": 9.0, "rainfall": 1.0, "ground_temp": 25.0, "humidity": 51.0, "pressure": 1015.0, "ambient_temperature": 23.0}
2021/04/30 15:27:52 - [INFO] Data: {"wind_direction_average": 4.0, "wind_gust": 8.0, "wind_speed_mean": 2.0, "rainfall": 4.0, "ground_temp": 22.0, "humidity": 49.0, "pressure": 1015.0, "ambient_temperature": 23.0}
2021/04/30 15:27:55 - [INFO] Data: {"wind_direction_average": 12.0, "wind_gust": 9.0, "wind_speed_mean": 1.0, "rainfall": 1.0, "ground_temp": 25.0, "humidity": 49.0, "pressure": 1013.0, "ambient_temperature": 22.0}
2021/04/30 19:37:22 - [INFO] MQTT Client: Tentativo di connessione a iothings.netcomgroup.eu:1883
2021/04/30 19:37:22 - [INFO] MQTT Client: Sending CONNECT (u1, p0, wr0, wq0, wf0, c1, k60) client_id=b''
2021/04/30 19:37:22 - [INFO] MQTT Client: Received CONNACK (1, 0)
2021/04/30 19:37:22 - [INFO] MQTT Client: Connesso a iothings.netcomgroup.eu:1883
2021/04/30 19:37:22 - [INFO] MQTT Client: Sending SUBSCRIBE (d0, m1) [(b'v1/devices/me/attributes/response/+', 1)]
2021/04/30 19:37:22 - [INFO] Data: {"wind_direction_average": 11.0, "wind_gust": 9.0, "wind_speed_mean": 4.0, "rainfall": 5.0, "ground_temp": 23.0, "humidity": 49.0, "pressure": 1011.0, "ambient_temperature": 21.0}
2021/04/30 19:37:22 - [INFO] MQTT Client: Received SUBACK
2021/04/30 19:37:22 - [INFO] MQTT Client: Mid: 1. QoS garantiti: (1,)
2021/04/30 19:37:23 - [INFO] MQTT Client: Disconnesso: 1
2021/04/30 19:37:24 - [INFO] MQTT Client: Sending CONNECT (u1, p0, wr0, wq0, wf0, c1, k60) client_id=b''
2021/04/30 19:37:24 - [INFO] MQTT Client: Received CONNACK (1, 0)
2021/04/30 19:37:24 - [INFO] MQTT Client: Connesso a iothings.netcomgroup.eu:1883
2021/04/30 19:37:24 - [INFO] MQTT Client: Sending SUBSCRIBE (d0, m2) [(b'v1/devices/me/attributes/response/+', 1)]
2021/04/30 19:37:24 - [INFO] Data: {"wind_direction_average": 14.0, "wind_gust": 9.0, "wind_speed_mean": 0.0, "rainfall": 2.0, "ground_temp": 23.0, "humidity": 49.0, "pressure": 1013.0, "ambient_temperature": 21.0}
2021/04/30 19:37:24 - [INFO] MQTT Client: Received SUBACK
2021/04/30 19:37:24 - [INFO] MQTT Client: Mid: 2. QoS garantiti: (1,)
2021/04/30 19:37:25 - [INFO] Data: {"wind_direction_average": 5.0, "wind_gust": 8.0, "wind_speed_mean": 0.0, "rainfall": 0.0, "ground_temp": 23.0, "humidity": 51.0, "pressure": 1014.0, "ambient_temperature": 25.0}
2021/04/30 19:37:26 - [INFO] MQTT Client: Disconnesso: 1
2021/04/30 19:37:27 - [INFO] MQTT Client: Sending CONNECT (u1, p0, wr0, wq0, wf0, c1, k60) client_id=b''
2021/04/30 19:37:27 - [INFO] MQTT Client: Received CONNACK (1, 0)
2021/04/30 19:37:27 - [INFO] MQTT Client: Connesso a iothings.netcomgroup.eu:1883
2021/04/30 19:37:27 - [INFO] MQTT Client: Sending SUBSCRIBE (d0, m3) [(b'v1/devices/me/attributes/response/+', 1)]
2021/04/30 19:37:27 - [INFO] Data: {"wind_direction_average": 1.0, "wind_gust": 7.0, "wind_speed_mean": 9.0, "rainfall": 1.0, "ground_temp": 21.0, "humidity": 52.0, "pressure": 1015.0, "ambient_temperature": 22.0}
2021/04/30 19:37:27 - [INFO] MQTT Client: Received SUBACK
2021/04/30 19:37:27 - [INFO] MQTT Client: Mid: 3. QoS garantiti: (1,)
2021/04/30 19:37:27 - [INFO] Data: {"wind_direction_average": 2.0, "wind_gust": 8.0, "wind_speed_mean": 0.0, "rainfall": 3.0, "ground_temp": 24.0, "humidity": 49.0, "pressure": 1011.0, "ambient_temperature": 24.0}
2021/04/30 19:37:28 - [INFO] MQTT Client: Disconnesso: 1
2021/04/30 19:37:28 - [INFO] Data: {"wind_direction_average": 3.0, "wind_gust": 7.0, "wind_speed_mean": 9.0, "rainfall": 1.0, "ground_temp": 25.0, "humidity": 51.0, "pressure": 1012.0, "ambient_temperature": 23.0}
